<?xml version="1.0" encoding="UTF-8"?>
<!-- Generated by org.testng.reporters.JUnitXMLReporter -->
<testsuite ignored="0" hostname="LTIN508226" failures="0" tests="11" name="Test1" time="68.694" errors="0" timestamp="2024-04-13T22:25:22 IST">
  <testcase classname="Testng_testcases.baseClass" name="closepopup" time="10.03"/>
  <testcase classname="Testng_testcases.CabSelection_test" name="clickCabs" time="0.137"/>
  <testcase classname="Testng_testcases.CabSelection_test" name="placeSelect" time="18.614"/>
  <testcase classname="Testng_testcases.CabSelection_test" name="dataselect" time="11.786"/>
  <testcase classname="Testng_testcases.suvPrices" name="selectSuv" time="0.121"/>
  <testcase classname="Testng_testcases.suvPrices" name="SuvPricesLow" time="0.096"/>
  <testcase classname="Testng_testcases.GiftCards" name="selectGifts" time="2.472"/>
  <testcase classname="Testng_testcases.GiftCards" name="cardSelect" time="5.558"/>
  <testcase classname="Testng_testcases.GiftCards" name="filldetail" time="0.508"/>
  <testcase classname="Testng_testcases.Hotel_Adult_List" name="clickHotels" time="4.66"/>
  <testcase classname="Testng_testcases.Hotel_Adult_List" name="ListAdult" time="0.538"/>
</testsuite> <!-- Test1 -->
