<?xml version="1.0" encoding="UTF-8"?>
<testsuite xmlns:xsi="http://www.w3.org/2001/XMLSchema-instance" xsi:noNamespaceSchemaLocation="https://maven.apache.org/surefire/maven-surefire-plugin/xsd/surefire-test-report-3.0.xsd" version="3.0" name="TestSuite" time="190.034" tests="16" errors="0" skipped="0" failures="0">
  <properties>
[...]
</properties>
  <testcase name="runScenario[&quot;Trying to handle popups in make my trip page&quot;, &quot;To Book a onewaytrip in cab from delhi to manali&quot;](1)" classname="Testrunner.testrunner" time="21.853">
    <system-out><![CDATA[
Scenario: Trying to handle popups in make my trip page           &amp#27;[90m# Features/01Popup.feature:5&amp#27;[0m
MakeMyTrip - #1 Travel Website 50% OFF on Hotels, Flights & Holiday
Launching the webpage and checking for popups
  &amp#27;[32mGiven &amp#27;[0m&amp#27;[32mMake my trip website is being launched and popup appears&amp#27;[0m &amp#27;[90m# stepDefinitions.handlePopup.make_my_trip_website_is_being_launched_and_popup_appears()&amp#27;[0m

    Embedding Trying to handle popups in make my trip page [image/png 260046 bytes]

no such element: Unable to locate element: {"method":"xpath","selector":"//*[@id='webklipper-publisher-widget-container-notification-frame']"}
  (Session info: chrome=121.0.6167.86)
For documentation on this error, please visit: https://www.selenium.dev/documentation/webdriver/troubleshooting/errors#no-such-element-exception
Build info: version: '4.18.1', revision: 'b1d3319b48'
System info: os.name: 'Windows 11', os.arch: 'amd64', os.version: '10.0', java.version: '22'
Driver info: org.openqa.selenium.chrome.ChromeDriver
Command: [67a840327aceb75879554bb29f7ebf88, findElement {value=//*[@id='webklipper-publisher-widget-container-notification-frame'], using=xpath}]
Capabilities {acceptInsecureCerts: false, browserName: chrome, browserVersion: 121.0.6167.86, chrome: {chromedriverVersion: 121.0.6167.184 (057a8ae7deb..., userDataDir: C:\Users\2327127\AppData\Lo...}, fedcm:accounts: true, goog:chromeOptions: {debuggerAddress: localhost:57805}, networkConnectionEnabled: false, pageLoadStrategy: normal, platformName: windows, proxy: Proxy(), se:cdp: ws://localhost:57805/devtoo..., se:cdpVersion: 121.0.6167.86, setWindowRect: true, strictFileInteractability: false, timeouts: {implicit: 0, pageLoad: 300000, script: 30000}, unhandledPromptBehavior: dismiss and notify, webauthn:extension:credBlob: true, webauthn:extension:largeBlob: true, webauthn:extension:minPinLength: true, webauthn:extension:prf: true, webauthn:virtualAuthenticators: true}
Session ID: 67a840327aceb75879554bb29f7ebf88
  &amp#27;[32mWhen &amp#27;[0m&amp#27;[32mTry to close the popup&amp#27;[0m                                    &amp#27;[90m# stepDefinitions.handlePopup.try_to_close_the_popup()&amp#27;[0m

    Embedding Trying to handle popups in make my trip page [image/png 350922 bytes]

If popup appears it has been closed
  &amp#27;[32mThen &amp#27;[0m&amp#27;[32mpopup is closed successfully&amp#27;[0m                              &amp#27;[90m# stepDefinitions.handlePopup.popup_is_closed_successfully()&amp#27;[0m

    Embedding Trying to handle popups in make my trip page [image/png 350922 bytes]

]]></system-out>
    <system-err><![CDATA[SLF4J: Failed to load class "org.slf4j.impl.StaticLoggerBinder".
SLF4J: Defaulting to no-operation (NOP) logger implementation
SLF4J: See http://www.slf4j.org/codes.html#StaticLoggerBinder for further details.
]]></system-err>
  </testcase>
  <testcase name="runScenario[&quot;book a cab&quot;, &quot;To book a one way cab trip from delhi to manali&quot;](2)" classname="Testrunner.testrunner" time="38.706">
    <system-out><![CDATA[
@tag1
Scenario: book a cab                 &amp#27;[90m# Features/02bookoneway.feature:5&amp#27;[0m
The make my trip home page is loaded after popup handling
Cab book page is loaded
  &amp#27;[32mGiven &amp#27;[0m&amp#27;[32mmakeMytrip webpage loaded&amp#27;[0m    &amp#27;[90m# stepDefinitions.bookOneWayTrip.make_mytrip_webpage_loaded()&amp#27;[0m

    Embedding book a cab [image/png 365243 bytes]

Delhi, India
  &amp#27;[32mWhen &amp#27;[0m&amp#27;[32mTo enter the from To location&amp#27;[0m &amp#27;[90m# stepDefinitions.bookOneWayTrip.to_enter_the_from_To_location()&amp#27;[0m

    Embedding book a cab [image/png 364232 bytes]

  &amp#27;[32mAnd &amp#27;[0m&amp#27;[32mTo enter the From date&amp#27;[0m         &amp#27;[90m# stepDefinitions.bookOneWayTrip.to_enter_the_from_date()&amp#27;[0m

    Embedding book a cab [image/png 384211 bytes]

  &amp#27;[32mThen &amp#27;[0m&amp#27;[32mClick on the search&amp#27;[0m           &amp#27;[90m# stepDefinitions.bookOneWayTrip.click_on_the_search()&amp#27;[0m

    Embedding book a cab [image/png 252329 bytes]

]]></system-out>
  </testcase>
  <testcase name="runScenario[&quot;Fetch lowest SUV price&quot;, &quot;To Get the Suv car prices and fetch lowest one&quot;](3)" classname="Testrunner.testrunner" time="1.144">
    <system-out><![CDATA[
Scenario: Fetch lowest SUV price                               &amp#27;[90m# Features/03suvSelect.feature:4&amp#27;[0m
The list of cars for hire is displayed
  &amp#27;[32mGiven &amp#27;[0m&amp#27;[32mCab List page for given search conditions is displayed&amp#27;[0m &amp#27;[90m# stepDefinitions.fetchSuvprice.cab_list_page_for_given_search_conditions_is_displayed()&amp#27;[0m

    Embedding Fetch lowest SUV price [image/png 252329 bytes]

  &amp#27;[32mWhen &amp#27;[0m&amp#27;[32mSelect SUV and display prices&amp#27;[0m                           &amp#27;[90m# stepDefinitions.fetchSuvprice.select_suv_and_display_prices()&amp#27;[0m

    Embedding Fetch lowest SUV price [image/png 259414 bytes]

Car Names	Prices
----------	--------
Xylo, Ertiga	₹ 8,525
Xylo, Ertiga	₹ 9,913
Toyota Innova	₹ 12,789
Xylo, Ertiga	₹ 14,560
Innova Crysta	₹ 16,047
------------------------
Lowest Price in the above list
-------------------------------
Xylo, Ertiga	₹ 8,525
  &amp#27;[32mThen &amp#27;[0m&amp#27;[32mLowest price is fetched&amp#27;[0m                                 &amp#27;[90m# stepDefinitions.fetchSuvprice.lowest_price_is_fetched()&amp#27;[0m

    Embedding Fetch lowest SUV price [image/png 259978 bytes]

]]></system-out>
  </testcase>
  <testcase name="runScenario[&quot;To give invalid input to giftcard and fetch error message&quot;, &quot;To capture the error message displayed if incorrect data is provided in gift card&quot;](4)" classname="Testrunner.testrunner" time="9.04">
    <system-out><![CDATA[
Scenario: To give invalid input to giftcard and fetch error message &amp#27;[90m# Features/04giftCard.feature:4&amp#27;[0m
  &amp#27;[32mGiven &amp#27;[0m&amp#27;[32mNavigate to the Gift card menu&amp#27;[0m                              &amp#27;[90m# stepDefinitions.giftCardsFetchError.navigate_to_the_gift_card_menu()&amp#27;[0m

    Embedding To give invalid input to giftcard and fetch error message [image/png 128664 bytes]

  &amp#27;[32mWhen &amp#27;[0m&amp#27;[32mclick on gift card&amp#27;[0m                                           &amp#27;[90m# stepDefinitions.giftCardsFetchError.click_on_gift_card()&amp#27;[0m

    Embedding To give invalid input to giftcard and fetch error message [image/png 106022 bytes]

Please enter a valid Email id.
  &amp#27;[32mAnd &amp#27;[0m&amp#27;[32mfill the invalid details&amp#27;[0m                                      &amp#27;[90m# stepDefinitions.giftCardsFetchError.fill_the_invalid_details()&amp#27;[0m

    Embedding To give invalid input to giftcard and fetch error message [image/png 113453 bytes]

The lowest cost price of SUV is fetched and printed
  &amp#27;[32mThen &amp#27;[0m&amp#27;[32mError message is displayed&amp#27;[0m                                   &amp#27;[90m# stepDefinitions.giftCardsFetchError.error_message_is_displayed()&amp#27;[0m

    Embedding To give invalid input to giftcard and fetch error message [image/png 113453 bytes]

]]></system-out>
  </testcase>
  <testcase name="runScenario[&quot;To fetch Adult persons list in hotel booking&quot;, &quot;To fetch the list of values in Adult list in hotel booking&quot;](5)" classname="Testrunner.testrunner" time="6.811">
    <system-out><![CDATA[
Scenario: To fetch Adult persons list in hotel booking &amp#27;[90m# Features/05Adultlist.feature:5&amp#27;[0m
  &amp#27;[32mGiven &amp#27;[0m&amp#27;[32mNavigate to hotel booking&amp#27;[0m                      &amp#27;[90m# stepDefinitions.Hotel_Adult.navigate_to_hotel_booking()&amp#27;[0m

    Embedding To fetch Adult persons list in hotel booking [image/png 494831 bytes]

The list of number of adults allowed:
01
02
03
04
05
06
07
08
09
10
11
12
13
14
15
16
17
18
19
20
21
22
23
24
25
26
27
28
29
30
31
32
33
34
35
36
37
38
39
40
  &amp#27;[32mWhen &amp#27;[0m&amp#27;[32mfetch adult list&amp#27;[0m                                &amp#27;[90m# stepDefinitions.Hotel_Adult.fetch_adult_list()&amp#27;[0m

    Embedding To fetch Adult persons list in hotel booking [image/png 525328 bytes]

The list is fetched and displayed
  &amp#27;[32mThen &amp#27;[0m&amp#27;[32mAdult list is displayed&amp#27;[0m                         &amp#27;[90m# stepDefinitions.Hotel_Adult.adult_list_is_displayed()&amp#27;[0m

    Embedding To fetch Adult persons list in hotel booking [image/png 525328 bytes]

]]></system-out>
  </testcase>
  <testcase name="closepopup" classname="Testng_testcases.baseTest" time="20.391">
    <system-out><![CDATA[no such element: Unable to locate element: {"method":"xpath","selector":"//*[@id='webklipper-publisher-widget-container-notification-frame']"}
  (Session info: chrome=121.0.6167.86)
For documentation on this error, please visit: https://www.selenium.dev/documentation/webdriver/troubleshooting/errors#no-such-element-exception
Build info: version: '4.18.1', revision: 'b1d3319b48'
System info: os.name: 'Windows 11', os.arch: 'amd64', os.version: '10.0', java.version: '22'
Driver info: org.openqa.selenium.chrome.ChromeDriver
Command: [1244063eae44cb1ab5fcb39e58755a92, findElement {value=//*[@id='webklipper-publisher-widget-container-notification-frame'], using=xpath}]
Capabilities {acceptInsecureCerts: false, browserName: chrome, browserVersion: 121.0.6167.86, chrome: {chromedriverVersion: 121.0.6167.184 (057a8ae7deb..., userDataDir: C:\Users\2327127\AppData\Lo...}, fedcm:accounts: true, goog:chromeOptions: {debuggerAddress: localhost:58148}, networkConnectionEnabled: false, pageLoadStrategy: normal, platformName: windows, proxy: Proxy(), se:cdp: ws://localhost:58148/devtoo..., se:cdpVersion: 121.0.6167.86, setWindowRect: true, strictFileInteractability: false, timeouts: {implicit: 0, pageLoad: 300000, script: 30000}, unhandledPromptBehavior: dismiss and notify, webauthn:extension:credBlob: true, webauthn:extension:largeBlob: true, webauthn:extension:minPinLength: true, webauthn:extension:prf: true, webauthn:virtualAuthenticators: true}
Session ID: 1244063eae44cb1ab5fcb39e58755a92
]]></system-out>
  </testcase>
  <testcase name="clickCabs" classname="Testng_testcases.CabSelection_test" time="1.014"/>
  <testcase name="placeSelect" classname="Testng_testcases.CabSelection_test" time="19.993">
    <system-out><![CDATA[Delhi, India
]]></system-out>
  </testcase>
  <testcase name="dataselect" classname="Testng_testcases.CabSelection_test" time="14.635"/>
  <testcase name="selectSuv" classname="Testng_testcases.suvPrices" time="0.473"/>
  <testcase name="SuvPricesLow" classname="Testng_testcases.suvPrices" time="0.395">
    <system-out><![CDATA[Car Names	Prices
----------	--------
Xylo, Ertiga	₹ 8,525
Toyota Innova	₹ 12,789
Xylo, Ertiga	₹ 14,560
Innova Crysta	₹ 16,047
------------------------
Lowest Price in the above list
-------------------------------
Xylo, Ertiga	₹ 8,525
]]></system-out>
  </testcase>
  <testcase name="selectGifts" classname="Testng_testcases.GiftCards" time="2.85"/>
  <testcase name="cardSelect" classname="Testng_testcases.GiftCards" time="5.209"/>
  <testcase name="filldetail" classname="Testng_testcases.GiftCards" time="1.076">
    <system-out><![CDATA[Please enter a valid Email id.
]]></system-out>
  </testcase>
  <testcase name="clickHotels" classname="Testng_testcases.Hotel_Adult_List" time="5.647"/>
  <testcase name="ListAdult" classname="Testng_testcases.Hotel_Adult_List" time="0.899">
    <system-out><![CDATA[The list of number of adults allowed:
01
02
03
04
05
06
07
08
09
10
11
12
13
14
15
16
17
18
19
20
21
22
23
24
25
26
27
28
29
30
31
32
33
34
35
36
37
38
39
40
]]></system-out>
  </testcase>
</testsuite>