<?xml version="1.0" encoding="UTF-8"?>
<testng-results ignored="0" total="16" passed="16" failed="0" skipped="0">
  <reporter-output>
  </reporter-output>
  <suite started-at="2024-04-15T21:40:31 IST" name="Suite" finished-at="2024-04-15T21:42:08 IST" duration-ms="96894">
    <groups>
      <group name="cucumber">
        <method signature="AbstractTestNGCucumberTests.runScenario(io.cucumber.testng.PickleWrapper,io.cucumber.testng.FeatureWrapper)[pri:0, instance:Testrunner.testrunner@33d512c1]" name="runScenario" class="io.cucumber.testng.AbstractTestNGCucumberTests"/>
      </group> <!-- cucumber -->
    </groups>
    <test started-at="2024-04-15T21:40:31 IST" name="Test" finished-at="2024-04-15T21:42:08 IST" duration-ms="96894">
      <class name="Testrunner.testrunner">
        <test-method is-config="true" signature="setUpClass(org.testng.ITestContext)[pri:0, instance:Testrunner.testrunner@33d512c1]" started-at="2024-04-15T21:40:32 IST" name="setUpClass" finished-at="2024-04-15T21:40:46 IST" duration-ms="14596" status="PASS">
          <params>
            <param index="0">
              <value>
                <![CDATA[org.testng.TestRunner@231b35fb]]>
              </value>
            </param>
          </params>
          <reporter-output>
          </reporter-output>
        </test-method> <!-- setUpClass -->
        <test-method signature="runScenario(io.cucumber.testng.PickleWrapper,io.cucumber.testng.FeatureWrapper)[pri:0, instance:Testrunner.testrunner@33d512c1]" started-at="2024-04-15T21:40:46 IST" name="runScenario" description="Runs Cucumber Scenarios" data-provider="scenarios" finished-at="2024-04-15T21:41:08 IST" duration-ms="21581" status="PASS">
          <params>
            <param index="0">
              <value>
                <![CDATA["Trying to handle popups in make my trip page"]]>
              </value>
            </param>
            <param index="1">
              <value>
                <![CDATA["To Book a onewaytrip in cab from delhi to manali"]]>
              </value>
            </param>
          </params>
          <reporter-output>
          </reporter-output>
        </test-method> <!-- runScenario -->
        <test-method signature="runScenario(io.cucumber.testng.PickleWrapper,io.cucumber.testng.FeatureWrapper)[pri:0, instance:Testrunner.testrunner@33d512c1]" started-at="2024-04-15T21:41:08 IST" name="runScenario" description="Runs Cucumber Scenarios" data-provider="scenarios" finished-at="2024-04-15T21:41:47 IST" duration-ms="38528" status="PASS">
          <params>
            <param index="0">
              <value>
                <![CDATA["book a cab"]]>
              </value>
            </param>
            <param index="1">
              <value>
                <![CDATA["To book a one way cab trip from delhi to manali"]]>
              </value>
            </param>
          </params>
          <reporter-output>
          </reporter-output>
        </test-method> <!-- runScenario -->
        <test-method signature="runScenario(io.cucumber.testng.PickleWrapper,io.cucumber.testng.FeatureWrapper)[pri:0, instance:Testrunner.testrunner@33d512c1]" started-at="2024-04-15T21:41:47 IST" name="runScenario" description="Runs Cucumber Scenarios" data-provider="scenarios" finished-at="2024-04-15T21:41:48 IST" duration-ms="945" status="PASS">
          <params>
            <param index="0">
              <value>
                <![CDATA["Fetch lowest SUV price"]]>
              </value>
            </param>
            <param index="1">
              <value>
                <![CDATA["To Get the Suv car prices and fetch lowest one"]]>
              </value>
            </param>
          </params>
          <reporter-output>
          </reporter-output>
        </test-method> <!-- runScenario -->
        <test-method signature="runScenario(io.cucumber.testng.PickleWrapper,io.cucumber.testng.FeatureWrapper)[pri:0, instance:Testrunner.testrunner@33d512c1]" started-at="2024-04-15T21:41:48 IST" name="runScenario" description="Runs Cucumber Scenarios" data-provider="scenarios" finished-at="2024-04-15T21:41:57 IST" duration-ms="8923" status="PASS">
          <params>
            <param index="0">
              <value>
                <![CDATA["To give invalid input to giftcard and fetch error message"]]>
              </value>
            </param>
            <param index="1">
              <value>
                <![CDATA["To capture the error message displayed if incorrect data is provided in gift card"]]>
              </value>
            </param>
          </params>
          <reporter-output>
          </reporter-output>
        </test-method> <!-- runScenario -->
        <test-method signature="runScenario(io.cucumber.testng.PickleWrapper,io.cucumber.testng.FeatureWrapper)[pri:0, instance:Testrunner.testrunner@33d512c1]" started-at="2024-04-15T21:41:57 IST" name="runScenario" description="Runs Cucumber Scenarios" data-provider="scenarios" finished-at="2024-04-15T21:42:04 IST" duration-ms="6575" status="PASS">
          <params>
            <param index="0">
              <value>
                <![CDATA["To fetch Adult persons list in hotel booking"]]>
              </value>
            </param>
            <param index="1">
              <value>
                <![CDATA["To fetch the list of values in Adult list in hotel booking"]]>
              </value>
            </param>
          </params>
          <reporter-output>
          </reporter-output>
        </test-method> <!-- runScenario -->
        <test-method is-config="true" signature="tearDownClass()[pri:0, instance:Testrunner.testrunner@33d512c1]" started-at="2024-04-15T21:42:04 IST" name="tearDownClass" finished-at="2024-04-15T21:42:08 IST" duration-ms="4396" status="PASS">
          <reporter-output>
          </reporter-output>
        </test-method> <!-- tearDownClass -->
      </class> <!-- Testrunner.testrunner -->
    </test> <!-- Test -->
  </suite> <!-- Suite -->
  <suite started-at="2024-04-15T21:42:09 IST" name="Suite (0)" finished-at="2024-04-15T21:43:40 IST" duration-ms="90750">
    <groups>
    </groups>
    <test started-at="2024-04-15T21:42:09 IST" name="Test" finished-at="2024-04-15T21:43:40 IST" duration-ms="90750">
      <class name="Testng_testcases.suvPrices">
        <test-method signature="selectSuv()[pri:1, instance:Testng_testcases.suvPrices@752325ad]" started-at="2024-04-15T21:43:20 IST" name="selectSuv" finished-at="2024-04-15T21:43:20 IST" duration-ms="177" status="PASS">
          <reporter-output>
          </reporter-output>
        </test-method> <!-- selectSuv -->
        <test-method signature="SuvPricesLow()[pri:2, instance:Testng_testcases.suvPrices@752325ad]" started-at="2024-04-15T21:43:20 IST" name="SuvPricesLow" finished-at="2024-04-15T21:43:21 IST" depends-on-methods="Testng_testcases.suvPrices.selectSuv" duration-ms="174" status="PASS">
          <reporter-output>
          </reporter-output>
        </test-method> <!-- SuvPricesLow -->
      </class> <!-- Testng_testcases.suvPrices -->
      <class name="Testng_testcases.Hotel_Adult_List">
        <test-method signature="clickHotels()[pri:0, instance:Testng_testcases.Hotel_Adult_List@b3ca52e]" started-at="2024-04-15T21:43:30 IST" name="clickHotels" finished-at="2024-04-15T21:43:35 IST" duration-ms="5237" status="PASS">
          <reporter-output>
          </reporter-output>
        </test-method> <!-- clickHotels -->
        <test-method signature="ListAdult()[pri:1, instance:Testng_testcases.Hotel_Adult_List@b3ca52e]" started-at="2024-04-15T21:43:36 IST" name="ListAdult" finished-at="2024-04-15T21:43:36 IST" duration-ms="652" status="PASS">
          <reporter-output>
          </reporter-output>
        </test-method> <!-- ListAdult -->
      </class> <!-- Testng_testcases.Hotel_Adult_List -->
      <class name="Testng_testcases.CabSelection_test">
        <test-method signature="clickCabs()[pri:0, instance:Testng_testcases.CabSelection_test@2a5c8d3f]" started-at="2024-04-15T21:42:44 IST" name="clickCabs" finished-at="2024-04-15T21:42:45 IST" duration-ms="396" status="PASS">
          <reporter-output>
          </reporter-output>
        </test-method> <!-- clickCabs -->
        <test-method signature="placeSelect()[pri:1, instance:Testng_testcases.CabSelection_test@2a5c8d3f]" started-at="2024-04-15T21:42:45 IST" name="placeSelect" finished-at="2024-04-15T21:43:05 IST" depends-on-methods="Testng_testcases.CabSelection_test.clickCabs" duration-ms="19775" status="PASS">
          <reporter-output>
          </reporter-output>
        </test-method> <!-- placeSelect -->
        <test-method signature="dataselect()[pri:2, instance:Testng_testcases.CabSelection_test@2a5c8d3f]" started-at="2024-04-15T21:43:05 IST" name="dataselect" finished-at="2024-04-15T21:43:20 IST" depends-on-methods="Testng_testcases.CabSelection_test.placeSelect" duration-ms="14366" status="PASS">
          <reporter-output>
          </reporter-output>
        </test-method> <!-- dataselect -->
      </class> <!-- Testng_testcases.CabSelection_test -->
      <class name="Testng_testcases.GiftCards">
        <test-method signature="selectGifts()[pri:1, instance:Testng_testcases.GiftCards@279fedbd]" started-at="2024-04-15T21:43:21 IST" name="selectGifts" finished-at="2024-04-15T21:43:23 IST" duration-ms="2612" status="PASS">
          <reporter-output>
          </reporter-output>
        </test-method> <!-- selectGifts -->
        <test-method signature="cardSelect()[pri:2, instance:Testng_testcases.GiftCards@279fedbd]" started-at="2024-04-15T21:43:24 IST" name="cardSelect" finished-at="2024-04-15T21:43:29 IST" depends-on-methods="Testng_testcases.GiftCards.selectGifts" duration-ms="5044" status="PASS">
          <reporter-output>
          </reporter-output>
        </test-method> <!-- cardSelect -->
        <test-method signature="filldetail()[pri:3, instance:Testng_testcases.GiftCards@279fedbd]" started-at="2024-04-15T21:43:29 IST" name="filldetail" finished-at="2024-04-15T21:43:30 IST" depends-on-methods="Testng_testcases.GiftCards.cardSelect, Testng_testcases.GiftCards.selectGifts" duration-ms="895" status="PASS">
          <reporter-output>
          </reporter-output>
        </test-method> <!-- filldetail -->
      </class> <!-- Testng_testcases.GiftCards -->
      <class name="Testng_testcases.baseTest">
        <test-method is-config="true" signature="beforeSuite()[pri:0, instance:Testng_testcases.baseTest@2aceadd4]" started-at="2024-04-15T21:42:09 IST" name="beforeSuite" finished-at="2024-04-15T21:42:24 IST" duration-ms="14384" status="PASS">
          <reporter-output>
          </reporter-output>
        </test-method> <!-- beforeSuite -->
        <test-method signature="closepopup()[pri:0, instance:Testng_testcases.baseTest@2aceadd4]" started-at="2024-04-15T21:42:24 IST" name="closepopup" finished-at="2024-04-15T21:42:44 IST" duration-ms="20040" status="PASS">
          <reporter-output>
          </reporter-output>
        </test-method> <!-- closepopup -->
        <test-method is-config="true" signature="afterSuite()[pri:0, instance:Testng_testcases.baseTest@2aceadd4]" started-at="2024-04-15T21:43:36 IST" name="afterSuite" finished-at="2024-04-15T21:43:40 IST" duration-ms="3756" status="PASS">
          <reporter-output>
          </reporter-output>
        </test-method> <!-- afterSuite -->
      </class> <!-- Testng_testcases.baseTest -->
    </test> <!-- Test -->
  </suite> <!-- Suite (0) -->
</testng-results>
