<?xml version="1.0" encoding="UTF-8"?>
<!-- Generated by org.testng.reporters.JUnitXMLReporter -->
<testsuite ignored="0" hostname="LTIN508123" failures="0" tests="11" name="Test" time="90.75" errors="0" timestamp="2024-04-15T21:43:41 IST">
  <testcase classname="Testng_testcases.baseTest" name="closepopup" time="20.04"/>
  <testcase classname="Testng_testcases.CabSelection_test" name="clickCabs" time="0.396"/>
  <testcase classname="Testng_testcases.CabSelection_test" name="placeSelect" time="19.775"/>
  <testcase classname="Testng_testcases.CabSelection_test" name="dataselect" time="14.366"/>
  <testcase classname="Testng_testcases.suvPrices" name="selectSuv" time="0.177"/>
  <testcase classname="Testng_testcases.suvPrices" name="SuvPricesLow" time="0.174"/>
  <testcase classname="Testng_testcases.GiftCards" name="selectGifts" time="2.612"/>
  <testcase classname="Testng_testcases.GiftCards" name="cardSelect" time="5.044"/>
  <testcase classname="Testng_testcases.GiftCards" name="filldetail" time="0.895"/>
  <testcase classname="Testng_testcases.Hotel_Adult_List" name="clickHotels" time="5.237"/>
  <testcase classname="Testng_testcases.Hotel_Adult_List" name="ListAdult" time="0.652"/>
</testsuite> <!-- Test -->
