<?xml version="1.0" encoding="UTF-8"?>
<testng-results ignored="0" total="5" passed="5" failed="0" skipped="0">
  <reporter-output>
  </reporter-output>
  <suite started-at="2024-04-14T16:00:59 IST" name="Suite" finished-at="2024-04-14T16:02:22 IST" duration-ms="83119">
    <groups>
      <group name="cucumber">
        <method signature="AbstractTestNGCucumberTests.runScenario(io.cucumber.testng.PickleWrapper,io.cucumber.testng.FeatureWrapper)[pri:0, instance:Testrunner.testrunner@30f842ca]" name="runScenario" class="io.cucumber.testng.AbstractTestNGCucumberTests"/>
      </group> <!-- cucumber -->
    </groups>
    <test started-at="2024-04-14T16:00:59 IST" name="Test" finished-at="2024-04-14T16:02:22 IST" duration-ms="83119">
      <class name="Testrunner.testrunner">
        <test-method is-config="true" signature="setUpClass(org.testng.ITestContext)[pri:0, instance:Testrunner.testrunner@30f842ca]" started-at="2024-04-14T16:00:59 IST" name="setUpClass" finished-at="2024-04-14T16:01:06 IST" duration-ms="7176" status="PASS">
          <params>
            <param index="0">
              <value>
                <![CDATA[org.testng.TestRunner@19ae2ee5]]>
              </value>
            </param>
          </params>
          <reporter-output>
          </reporter-output>
        </test-method> <!-- setUpClass -->
        <test-method signature="runScenario(io.cucumber.testng.PickleWrapper,io.cucumber.testng.FeatureWrapper)[pri:0, instance:Testrunner.testrunner@30f842ca]" started-at="2024-04-14T16:01:06 IST" name="runScenario" description="Runs Cucumber Scenarios" data-provider="scenarios" finished-at="2024-04-14T16:01:27 IST" duration-ms="20926" status="PASS">
          <params>
            <param index="0">
              <value>
                <![CDATA["Trying to handle popups in make my trip page"]]>
              </value>
            </param>
            <param index="1">
              <value>
                <![CDATA["To Book a onewaytrip in cab from delhi to manali"]]>
              </value>
            </param>
          </params>
          <reporter-output>
          </reporter-output>
        </test-method> <!-- runScenario -->
        <test-method signature="runScenario(io.cucumber.testng.PickleWrapper,io.cucumber.testng.FeatureWrapper)[pri:0, instance:Testrunner.testrunner@30f842ca]" started-at="2024-04-14T16:01:27 IST" name="runScenario" description="Runs Cucumber Scenarios" data-provider="scenarios" finished-at="2024-04-14T16:02:03 IST" duration-ms="36441" status="PASS">
          <params>
            <param index="0">
              <value>
                <![CDATA["book a cab"]]>
              </value>
            </param>
            <param index="1">
              <value>
                <![CDATA["To book a one way cab trip from delhi to manali"]]>
              </value>
            </param>
          </params>
          <reporter-output>
          </reporter-output>
        </test-method> <!-- runScenario -->
        <test-method signature="runScenario(io.cucumber.testng.PickleWrapper,io.cucumber.testng.FeatureWrapper)[pri:0, instance:Testrunner.testrunner@30f842ca]" started-at="2024-04-14T16:02:03 IST" name="runScenario" description="Runs Cucumber Scenarios" data-provider="scenarios" finished-at="2024-04-14T16:02:04 IST" duration-ms="635" status="PASS">
          <params>
            <param index="0">
              <value>
                <![CDATA["Fetch lowest SUV price"]]>
              </value>
            </param>
            <param index="1">
              <value>
                <![CDATA["To Get the Suv car prices and fetch lowest one"]]>
              </value>
            </param>
          </params>
          <reporter-output>
          </reporter-output>
        </test-method> <!-- runScenario -->
        <test-method signature="runScenario(io.cucumber.testng.PickleWrapper,io.cucumber.testng.FeatureWrapper)[pri:0, instance:Testrunner.testrunner@30f842ca]" started-at="2024-04-14T16:02:04 IST" name="runScenario" description="Runs Cucumber Scenarios" data-provider="scenarios" finished-at="2024-04-14T16:02:12 IST" duration-ms="8021" status="PASS">
          <params>
            <param index="0">
              <value>
                <![CDATA["To give invalid input to giftcard and fetch error message"]]>
              </value>
            </param>
            <param index="1">
              <value>
                <![CDATA["To capture the error message displayed if incorrect data is provided in gift card"]]>
              </value>
            </param>
          </params>
          <reporter-output>
          </reporter-output>
        </test-method> <!-- runScenario -->
        <test-method signature="runScenario(io.cucumber.testng.PickleWrapper,io.cucumber.testng.FeatureWrapper)[pri:0, instance:Testrunner.testrunner@30f842ca]" started-at="2024-04-14T16:02:12 IST" name="runScenario" description="Runs Cucumber Scenarios" data-provider="scenarios" finished-at="2024-04-14T16:02:18 IST" duration-ms="5662" status="PASS">
          <params>
            <param index="0">
              <value>
                <![CDATA["To fetch Adult persons list in hotel booking"]]>
              </value>
            </param>
            <param index="1">
              <value>
                <![CDATA["To fetch the list of values in Adult list in hotel booking"]]>
              </value>
            </param>
          </params>
          <reporter-output>
          </reporter-output>
        </test-method> <!-- runScenario -->
        <test-method is-config="true" signature="tearDownClass()[pri:0, instance:Testrunner.testrunner@30f842ca]" started-at="2024-04-14T16:02:18 IST" name="tearDownClass" finished-at="2024-04-14T16:02:22 IST" duration-ms="4214" status="PASS">
          <reporter-output>
          </reporter-output>
        </test-method> <!-- tearDownClass -->
      </class> <!-- Testrunner.testrunner -->
    </test> <!-- Test -->
  </suite> <!-- Suite -->
</testng-results>
